\BOOKMARK [1][-]{section.1}{ Feedforward Neural Networks}{}% 1
\BOOKMARK [2][-]{subsection.1.1}{Preliminary Concepts}{section.1}% 2
\BOOKMARK [2][-]{subsection.1.2}{Mathematical Foundations}{section.1}% 3
\BOOKMARK [3][-]{subsubsection.1.2.1}{Motivation}{subsection.1.2}% 4
\BOOKMARK [3][-]{subsubsection.1.2.2}{Gradient Based Learning}{subsection.1.2}% 5
\BOOKMARK [1][-]{section.2}{Convolution Neural Networks\(CNN\)}{}% 6
\BOOKMARK [2][-]{subsection.2.1}{Back Propagation in CNN Models}{section.2}% 7
\BOOKMARK [1][-]{section.3}{Overfitting and Underfitting}{}% 8
\BOOKMARK [1][-]{section.4}{Improving Neural Networks}{}% 9
\BOOKMARK [2][-]{subsection.4.1}{Momentum Based Gradient Decent}{section.4}% 10
\BOOKMARK [2][-]{subsection.4.2}{Regularization}{section.4}% 11
\BOOKMARK [2][-]{subsection.4.3}{Dropout}{section.4}% 12
\BOOKMARK [2][-]{subsection.4.4}{Early Stopping}{section.4}% 13
\BOOKMARK [2][-]{subsection.4.5}{Preprocessing}{section.4}% 14
\BOOKMARK [2][-]{subsection.4.6}{Shuffling}{section.4}% 15
\BOOKMARK [2][-]{subsection.4.7}{Batch Normalization}{section.4}% 16
\BOOKMARK [2][-]{subsection.4.8}{Data Augmentation}{section.4}% 17
\BOOKMARK [2][-]{subsection.4.9}{Transfer Learning}{section.4}% 18
\BOOKMARK [2][-]{subsection.4.10}{Hyper Parameter Optimization}{section.4}% 19
\BOOKMARK [1][-]{section.5}{An Image Classification Problem}{}% 20
